**************************************************************************************
***  DIALOGS  *********  COUNT: 00000000  ********************************************
**************************************************************************************

$	10	all_default
$	20	all_alco
$	21	all_alco_w
$	22	all_merchant
$	23	all_farmer
$	25	all_narcoman
$	26	all_narcoman_w
$	27	all_turret
$	30	all_prostitute
$	35	all_poor_man
$	36	all_poor_man_w
$	40	all_child
$	41	all_child_w
$	42	all_slave
$	43	all_slaver
$	44	all_trapper
$	45	all_narcodialer
$	46	all_tatoo_shop
$	50	all_bootlegger
$	55	all_robber
$	56	all_bandit
$	57	all_cannibal
$	60	all_guard
$	61	all_guard_w
$	62	all_homesteader
$	63	all_raider
$	64	all_enclave_patrol
$	65	all_casino_player
$	66	all_casino_player_w
$	67	all_mercenary
$	68	all_elronologist
$	69	all_press_gang
 	70	base_terminal
$	80	all_unity
$	81	all_mafia
$	82	all_traveller
$	83	all_ranger
$	84	all_marauder
$	85	all_bounty_hunter
$	86	all_outcast
$	87	all_holy_people
$	88	all_nomad
$	89	all_hunter
$	90	all_brahmin_herdsman
$	91	all_brahmin
$	92	all_endless_walker
$	93	all_caravan_packer
$	94	all_sierra_hermit
$	95	all_mine_foreman
$	96	all_follower
$	97	all_powderganger
$	98	all_barber
$	99	all_supermutants_enc

$	100	den_man
$	101	den_woman
$	102	den_kid
	104	den_barbekky_boy
$	105	den_bar_visiter
$	106	den_bar_visiter_w
$	107	den_mom
$	108	den_smitty
$	109	den_metzger
$	110	den_metzgers_guard
$	111	den_slaves
$	112	den_lara
$	113	den_fred
$	114	den_flik
$	115	den_bekky
$	116	den_radriges
$	117	den_croupier
$	118	den_laraband_member
$	119	den_tubby
$	120	den_billy
$	121	den_joey
$	122	den_thug
$	123	den_joshua
 	124     den_hub_bank1
$	125     den_hub_guard
	126	den_pokerman
$	127	den_ghost_treasure
$	150     den_cs_bandit
$	151     den_cs_barmen
$	152     den_cs_jeffry
$	153     den_cs_bar_boy
$	154     den_cs_bar_girl
$	155     den_cs_brahmin
$	156     den_cs_breeder
$	157     den_cs_boss_daughter
$	173	den_ananius
 	174	den_narco
 	175	den_bar_thief
 	176	den_narc_comm_narcoman
 	177	den_narc_comm_leader
 	178	den_narc_comm_daughter
$ 	179 	den_stokes
$	180	den_bostrainer_myers

$	200	klam_child
$	201	klam_trapper
$	202	klam_civilian
$	203	klam_aldo
$	204	klam_dog
$	205	klam_bakner_visiter
$	206	klam_golden_visiter
$	207	klam_sajag
$	208	klam_ardin
$	209	klam_majda
$	210	klam_bob
$	211	klam_baseseller
$	212	klam_torr
$	213	klam_vic
$	214	klam_slim
$	215	klam_danton
$	216	klam_sally
$	217	klam_jenny
$	218	klam_prostitute_1
$	219	klam_prostitute_2
$	220	klam_prostitute_3
$	221	klam_sulivan
$	222	klam_lucy
$	223	klam_blood
$	224	klam_dogman
$	225	klam_meloy
$	226	klam_mine_guard

$	300	mod_hose
$	301	mod_joe
$	302	mod_citizen
$	303	mod_baltas
$	304	mod_leddi
$	305	mod_jonny
$	306	mod_baltas_wife
$	307	mod_grishem
$	308	mod_davin
$	309	mod_miria
$	310	mod_farrel
$	311	mod_rose
$	312	mod_cornelius
$	313	mod_trader
$	314	mod_bess
$	315	mod_butcher
$	316	mod_boy
$	317	mod_girl
$	318	mod_karl
$	319	mod_brahmin_boy
$	320	mod_farmer_q
$	321	mod_slag
$	322	mod_brahminman
$	323	ghostfarm_vegeir

$	400	vaul_citizen
$	401	vaul_non_citizen
$	402	vaul_guard
$	404	vaul_slave
$	405	vaul_prisoner
$	406	vaul_slave_w
$	407	vaul_citizen_house
$	408	vaul_amanda
$	409	vaul_doctor_andru
$	410	vaul_barkus
$	411	vaul_bar_visiter
$	412	vaul_charli
$	414	vaul_barman
$	415	vaul_kertis
$	416	vaul_darrow
$	417	vaul_doctor_troy
$	418	vaul_barman_lidia
$	419	vaul_ed
$	420	vaul_hoden
$	421	vaul_miss_smit
$	424	vaul_gregory
$	425	vaul_garry
$	426	vaul_joshua
$	427	vaul_kohl
$	428	vaul_lynnet
$	429	vaul_macrae
$	430	vaul_valery
$	431	vaul_maclure
$	432	vaul_melinda
$	433	vaul_moore
$	434	vaul_smith
$	435	vaul_fillis
$	436	vaul_outer_prizoner
$	437	vaul_randal
$	438	vaul_skeeve
$	439	vaul_worker
$	440	vaul_worker_w
$	441	vaul_stark
$	442	vaul_steeve
$	444	vaul_citizen_closet
$	446	vaul_walles
$	447	vaul_lilly
$	449	vaul_train_guard
$	450	vaul_train_peasant1
$	451	vaul_train_ticketseller
$	452	vaul_spawnwoman

$	501	geck_garold
$	502	geck_citizen
$	503	geck_citizen_glow
$	504	geck_guard
$	505	geck_bar_visitor
$	506	geck_brain
$	507	geck_festas
$	508	geck_gordon
$	509	geck_hank
$	510	geck_jeremy
$	511	geck_lenny
$	512	geck_lumpy
$	513	geck_persi
$	514	geck_robot
$	515	geck_sceetr
$	516	geck_wooz
$	517	geck_worship
$	518	geck_zomak
$	520	geck_merc_recruiter
$	521	geck_keith

$	600     bh_aileen
$	603     bh_bnkgrd
$	604     bh_brian
$	605     bh_chad
$	607     bh_chuck
$	608     bh_dan
$	609     bh_doc
$	610     bh_elmo
	611     bh_encha
	612     bh_enchb
$	613     bh_eric
$	614     bh_female
$	615     bh_franci
$	616     bh_frank
$	617     bh_ghoul
$	618     bh_hench
$	619     bh_huswif
$	620     bh_jacob
$	621     bh_liz
	622     bh_lumpy
$	623     bh_male
$	624     bh_manson
$	625     bh_marcus
$	626     bh_micky
$	627     bh_miners
$	628     bh_mutant
$	629     bh_oldghl
$	630     bh_outfit
$	631     bh_phil
$	632     bh_prof
$	633     bh_super
$	634     bh_seymor
$	635     bh_skorp
$	636     bh_steve
$	637     bh_sulvan
$	639     bh_typhon
$	640     bh_zaius
$	641	bh_mutant_female
$	642	bh_brahminman
$	650	bh_merc_recruiter

$	700	nr_kitty
$	701	nr_casino_guard
$	702	nr_barmen
$	703	nr_bis_guard
$	704	nr_bishop
$	705	nr_bis_man
$	706	nr_bis_angela
$	707	nr_bis_miss
$	708	nr_mordino_big
$	709	nr_mordino_small
$	710	nr_mor_man
$	711	nr_write_orvill
$	712	nr_write_kriss
$	713	nr_write_entil
$	714	nr_write_kate
$	715	nr_write_child
$	716	nr_write_child_girl
$	717	nr_write_son
$	718	nr_write_daughter
$	719	nr_kors_snake
$	720	nr_kors_marti
$	721	nr_kors_sid
$	722	nr_kors_guard_woman
$	723	nr_kors_guard
$	724	nr_boxer
$	725	nr_boxer_fanat
$	726	nr_boxer_fanat_woman
$	727	nr_casino_player_woman
$	728	nr_casino_player
$	729	nr_comedy
$	730	nr_narcodealer
$	731	nr_monte
$	732	nr_monte_guard
$	733	nr_pornactres
$	734	nr_pornactres_new
$	735	nr_franch
$	736	nr_pain
$	737	nr_sims
$	738	nr_bill
$	739	nr_t-ray
$	740	nr_mechanic
$	741	nr_eldrid
$	742	nr_tully
$	743	nr_jimmy
$	744	nr_jules
$	745	nr_narcoman
$	746	nr_narcowoman
$	747	nr_lloyd
$	748	nr_salvatore
$	749	nr_salvatore_man
$	750	nr_mason
$	751	nr_holly
$	752	nr_mcgee
$	753	nr_mcknee
$	754	nr_miron_guard
$	755	nr_nikki
$	756	nr_pimp
$	757	nr_casino_boss_woman
$	758	nr_casino_boss
$	759	nr_prostitute
$	760	nr_renesco
$	761	nr_researcher
$	762	nr_scientist
$	763	nr_scientist_woman
$	764	nr_sheb
$	765	nr_slave
$	766	nr_slots
$	767	nr_tyson
$	768	nr_citizen
$	769	nr_citizen_woman
$	770	nr_cody
$	771	nr_algernon
$	772	nr_jessy
$	773	nr_jessy_man
$	774	nr_door_sharc
$	775	nr_door_salvatore
$	776	nr_door_desperado
$	777	nr_boxer_announcer
$	778	nr_old_man_mcgee
$	779 nr_scavenger

$   800	sad_mainframe
$   801	sad_soldier
$	802 sad_terminal
$	803 sad_rewardterminal
$	804 sad_terminal_door


$	1000	ncr_dufus
$	1001	ncr_miky
$	1002	ncr_trader_buster
$	1003	ncr_trader_guard
$	1004	ncr_barmen_mira
$	1005	ncr_bar_visiter
$	1006	ncr_city_guard
$	1007	ncr_mutant_lenny
$	1008	ncr_ratch
$	1009	ncr_slaves
$	1010	ncr_vortis
$	1011	ncr_slave_guard
$	1012	ncr_slave_mainguard
$	1013	ncr_citizen
$	1014	ncr_policeman
$	1015	ncr_karl
$	1016	ncr_dumont
$	1017	ncr_trader_dappo
$	1018	ncr_repair_robot
$	1019	ncr_doroty
$	1020	ncr_rondo
$	1021	ncr_elize
$	1022	ncr_gond
$	1023	ncr_bos_luk
$	1024	ncr_barmen_dasty
$	1025	ncr_Hoss
$	1026	ncr_doctor_jubiley
$	1027	ncr_doctor_henry
$	1028	ncr_hub_clearens
$	1029	ncr_grant
$	1030	ncr_bob
$	1031	ncr_felix
$	1032	ncr_westin
$	1033	ncr_workers
$	1034	ncr_gunter
$	1035	ncr_tandy
$	1036	ncr_fergus
$	1037	ncr_karlson
$	1038	ncr_karlson_guard
$	1039	ncr_karlson_son
$	1040	ncr_karlson_bodyguard
$	1041	ncr_captain
$	1042	ncr_merk
$	1043	ncr_merk_bodyguard
$	1044	ncr_jeck
$	1045	ncr_prisoner
$	1046	ncr_robodog
$	1047	ncr_brahminman
$	1048	ncr_shaenine
$	1049	ncr_caravantrader
$	1051	ncr_train_guard
$	1052	ncr_train_peasant1
$	1053	ncr_train_ticketseller
$	1054	ncr_spawn_feelslong
$	1055	ncr_harris
$	1056	ncr_train_shadyperson
$	1057	ncr_train_mantis
$	1058	ncr_mine_guard
$	1059	ncr_mine_shouter
$	1060	ncr_army_doorguard
$	1061	ncr_greeter
$	1062	ncr_bostrainer_henrickson
$	1063	ncr_prison_doorguard
$	1064	ncr_prison_guards
$	1065	ncr_prison_convicts
$	1066	ncr_prison_governor
$	1067	ncr_prison_overseer
$	1068	ncr_prison_rails_overseer
$	1069	ncr_res_housekeeper

$	1100	cath_caravan1
$	1101	cath_caravan2
$	1102	cath_caravan3
$	1103	cath_chanter
$	1104	cath_guard1
$	1105	cath_guard2
$	1106	cath_guard3
$	1107	cath_guard4
$	1108	cath_pray1
$	1109	cath_nightkin
$	1110	cath_shopkeeper
$	1111	floyd
$	1112	cath_bum
$	1113	cath_barber
$	1114	cath_greeter
$	1115	cath_lost
$	1116	cath_lostw
$	1117	cath_hobo
$	1118	cath_doorguard
$	1119	cath_cook

$	1200	mar_terminal

$	1300	redd_doctor
$	1301	redd_ratt
$	1302	redd_citizen
$	1303	redd_guard
$	1304	redd_child
$	1305	redd_askorti
$	1306	redd_betti
$	1307	redd_caminet
$	1308	redd_trader
$	1309	redd_dick
$	1310	redd_fannie
$	1311	redd_fern
$	1312	redd_gambler
$	1313	redd_miner
$	1314	redd_farmer
$	1315	redd_alco
$	1316	redd_alco_woman
$	1317	redd_hoffy
$	1318	redd_jane
$	1319	redd_josh
$	1320	redd_lou
$	1321	redd_marge
$	1322	redd_marion
$	1323	redd_mcgrew
$	1324	redd_modjes
$	1325	redd_nordik
$	1326	redd_rooney
$	1327	redd_savinel
$	1328	redd_stanwell
$	1329	redd_velani
$	1330	redd_wade
$	1331	redd_melkor_small
$	1332	redd_fight_fanat
$	1333	redd_oldman
$	1334	redd_lost_computer
$	1335	redd_baseseller
$	1336	redd_christopher
$ 	1337	redd_old_parker
$ 	1338	redd_mel_williams

$	1400	san_citizen_shue
$	1401	san_guard_shue
$	1402	san_trader_chiang
$	1403	san_trader_lao
$	1404	san_dragon
$	1405	san_doctor_fung
$	1406	san_technic
$	1407	san_doctor_wong
$	1408	san_kenli
$	1409	san_poor_man
$	1410	san_peasant
$	1411	san_pank
$	1412	san_pank_w
$	1413	san_barmen_slim
$	1414	san_badger
$	1415	san_trader_jenny
$	1416	san_trader_karl
$	1417	san_hubguard
$	1418	san_dave_x
$	1419	san_garry_rocket
$	1420	san_suze
$	1421	san_doctor_tigang
$	1422	san_chip
$	1423	san_trader
$	1424	san_axs7
$	1425	san_axs9
$	1426	san_ron
$	1427	san_crocket
$	1428	san_dock_kid
$	1429	san_hubbolog
$	1430	san_raian
$	1431	san_huan_cruz
$	1432	san_dock_guard
$	1433	san_guard_shue_2
$	1434	san_mark
$	1435	san_china_kid
$	1436	san_roomkeeper
$	1437	san_bos_ron
$	1438	san_bos_bronco
$	1439	san_bos_blake
$	1440	san_caravantrader
$	1441	san_brahminman
$	1442	san_train_ticketseller
$	1443	san_train_peasant1
$	1444	san_train_guard
$	1445	san_charlie
$	1446	san_bostrainer_windsted

$	1500	nav_air_control
$	1501	nav_cook
$	1502	nav_quincy
$	1503	nav_mark
$	1504	nav_sergant
$	1505	nav_soldier
$	1506	nav_jefferson
$	1507	nav_comptech1
$	1508	nav_comptech2
$	1509	nav_lola
$	1510	nav_raul
$	1511	nav_comm1
$	1512	nav_chris
$	1513	nav_soldier2
$	1514	nav_qmaster
$	1515	nav_cmdguard
$	1516	nav_cmd
$	1517	nav_schreber
$	1518	nav_lab1
$	1519	nav_armstrong

$	1700	junktown_guard
$	1701	junktown_neal
$	1702	junktown_barv
$	1703	junktown_killian
$	1705	junktown_dogman
$	1706	junktown_crash1
$	1707	junktown_doctor
$	1708	junktown_entrancegrd
$	1709	junktown_jail
$	1710	junktown_peasant
$	1711	junktown_gang
$	1712	junktown_drunktard
$	1713	junktown_boyce
$	1714	junktown_baseseller
$	1715	junktown_scout
$	1716	junktown_bartender
$	1717	junktown_duelguy
$	1718	junktown_caravantrader
$	1719	junktown_sassy
$	1720	junktown_ronnie
$	1721	junktown_phouse_guard
$	1722	junktown_phouse_thomas
$	1723	junktown_phouse_mrhandy
$	1724	junktown_gate_guard

$	1800	bos_lh_guard
$	1801	bos_lh_guard1
$	1802	bos_lh_guard2
$	1803	bos_lh_student
$	1804	bos_lh_guard3
$	1805	bos_lh_scribe
$	1806	bos_lh_qmaster
$	1807	bos_lh_trainer
$	1808	bos_lh_entrance
$	1809	bos_lh_knight
$	1810	bos_lh_patrol
$	1811	bos_lh_peter
$	1812	bos_lh_jenna
$	1813	bos_lh_elder
$	1814	bos_lh_mathia
$	1815	bos_lh_maxson
$	1820	bos_quartermaster
$	1821	bos_town_doorguard

$	2000	q_bos_bunker_computer
$	2001	q_bos_bunker_terminal

$	1900	se_bos_hummer_driver
$	1901	se_bos_injured

$	2400	necropolis_ghoul1
$	2401	necropolis_ghoul2
$	2402	necropolis_ghoul3
$	2403	necropolis_ghoul_wally
$	2404	necropolis_wally
$	2405	necropolis_elmer
$	2406	necropolis_pump_staff

$	2500	hub_police1
$	2501	farmer1
$	2502	farmer2
$	2503	hub_iguana_pete
$	2504	hub_prisoner
$	2505	hub_caravan1
$	2506	hub_caravan2
$	2507	hub_caravan3
$	2508	hub_jkelly
$	2509	hub_jacob
$	2510	hub_beth
$	2511	hub_mitch
$	2512	hub_shopguard
$	2513	hub_falcon1
$	2514	hub_brahminman
$	2515	hub_keri
$	2516	hub_ailis
$	2517	hub_crimsonguard
$	2518	hub_bankguard
$	2519	hub_library
$	2520	hub_skag
$	2521	hub_hubber
$	2522	hub_policecaptain
$	2523	hub_crimson_leader
$	2524	hub_fargo_leader
$	2525	hub_police2
$	2526	hub_sadwife
$	2527	hub_fargo_mandesa
$	2528	hub_fargo_mitch
$	2529	hub_arena_manager
$	2530	hub_arena_shouter
$	2531	hub_duelguy
$	2532	hub_henry
$	2533	hub_child_shren
$	2534	hub_mick
$	2535	hub_farmer1
$	2536	hub_farmer2
$	2537	hub_waterboy
$	2538	hub_watermerchant_guard
$	2539	hub_water_merchant
$	2540	hub_thief_connection
$	2541	hub_caravan_master

$	2700	raiders_guard
$	2701	raiders_scully
$	2702	raiders_amis
$ 	2703	raiders_carter
$ 	2704	raiders_collins
$ 	2705	raiders_garcia
$ 	2706	raiders_kazenzakis
$ 	2707	raiders_keaton
$ 	2708	raiders_king
$ 	2709	raiders_miller
$ 	2710	raiders_morgan
$ 	2711	raiders_murphy
$ 	2712	raiders_parker
$ 	2713	raiders_peterson
$ 	2714	raiders_reed
$ 	2715	raiders_rodriguez
$ 	2716	raiders_sanchez
$	2717	raiders_hernandez
$	2718	raiders_sonja
$	2719	raiders_art
$	2720	raiders_ashdown
$	2721	raiders_augustus
$	2722	raiders_gomes
$	2723	raiders_jefferson
$	2724	raiders_peter
$	2725	raiders_slave
$	2726	raiders_k_raynes
$	2727	q_cooper

 	2800	starter_docthad
 	2801	starter_greg
 	2802	starter_hoskins
  	2803	starter_hull
  	2804	starter_mcmurray
  	2805	starter_sebastian
  	2806	starter_storekeeper
  	2807	starter_child_girl
  	2808	starter_citizen
  	2809	starter_harry
  	2810	starter_child_boy
  	2811	starter_child_kyle
  	2812	starter_gus

$	2900	repl_guard1
$	2901	repl_guard2
$	2902	repl_farmerwife
$	2903	repl_caravantrader
$	2904	repl_farmer
$	2905	repl_scavcamp_regulator
$	2906	repl_ncr_ranger
$	2907	repl7_nomad
$	2908	repl7_nomad_warrior
$	2909	repl5_citizen
$	2910	repl5_q_subway

 	3102	bos_malogarzt
 	3103	bos_ignat
 	3104	bos_citizen
 	3105	bos_paladin
 	3106	bos_scriber
	
$	3000	se_caravan
$	4000	config_hl_0
$	4001	config_hl_1
$	4002	config_hl_2
$	4003	config_hl_3
$	4004	config_hl_4
$	4005	config_hl_5
$	4006	config_hl_6
$	4007	config_to_0
$	4008	config_to_1
$	4009	config_to_2
$	4010	config_to_3
$	4011	config_to_4
$	4012	config_to_5
$	4013	config_to_6
$	4014	config_binds
$	4015	config_fog


$	4500	BCD_quest1
$	4501	BCD_Jason1

$	5000	mob_norm_rat
$	5001	mob_pig_rat
$	5002	mob_mole_rat
$	5003	mob_int_mole_rat
$	5010	mob_small_scorp
$	5011	mob_large_scorp
$	5012	mob_mantis
$	5013	mob_giant_ant
$	5020	mob_silver_gecko
$	5021	mob_golden_gecko
$	5022	mob_fire_gecko
$	5030	mob_baby_deathclaw
$	5031	mob_adult_deathclaw
$	5032	mob_int_deathclaw
$	5033	mob_deathclaw_egg
$	5040	mob_robobrain
$	5041	mob_fly_eyeball
$	5042	mob_sentry_bot
$	5043	mob_mr_handy
$	5044	mob_floor_turret
$	5045	mob_plasma_turret
$	5050	mob_floater
$	5051	mob_centaur
$	5052	mob_wanamingo
$	5053	mob_spore_plant
$	5054	mob_dog
$	5055	mob_brahmin
$	5056	mob_alien
$	5057	mob_tribal
$	5058	mob_bandit
$	5059	mob_mutant
$	5060	mob_pashtshuur
$	5061	mob_uber_sentry_bot

$   6661	train_mut
$   6662	train_dc
$   6663	train_cyb
$   6664	train_hun
$   6665	train_prist
$   6666	train_chosen
$   6667	train_sol
$   6668	train_random
$ 6669 train_killer
$ 6670 train_asa
$ 6680 cyborg
$ 6681 leader
$ 6682 train_medic
$ 6683 train_lead
$ 6684 train_inf
$ 6685 train_sni
$   6686	train_ali
$   6687	train_mas
$   6688	train_wre
$   6689	pve

$ 6690 pat_console
$ 6691 reroll

$ 7000 skintest
$ 7001 base_enginer
$ 7002 reno_dung_boss
	8100	trib_sulik
	8101	trib_manota
	8102	trib_naiara
	8103	trib_goyat
	8104	trib_winona
	8105	trib_maiara
	8106	trib_hiawatha
	8107	trib_aucaman
	8108	trim_cuaht
	8109	trib_musco
	8110	trib_wayna
	8111	trib_shikoba
	8112	trib_ujarak
	8113	trib_kaneon
	8114	trib_nanuq
	8115	trib_isi
	8116	trib_cowes
	8117	trib_maquinna
	8118	trib_nuka
	8119	trib_piloqut
	8120	trib_milla
	8121	trib_jaci
	8122	trib_tamaya
	8123	trib_nizhoni
	8124	trib_dog1
	8125	trib_dog2

$	8820	bos_warehouse_guard
$	8821	vegas_barmen
$	8822	vegas_cafe_barmen
$	8823	vegas_monte_barmen
$	8824	vegas_singer
$	8825	vegas_cafe_guest
$	8826	vegas_citizen
$	8827	vegas_gambler
$	8828	vegas_homeless
$	8829	vegas_kitchen
$	8830	vegas_mob_guard
$	8831	vegas_poor
$	8832	vegas_prostitute
$       8833	vegas_croupier
$	8834	vegas_slaver
$	8835	vegas_slave
$	8836	vegas_slave_box
$	8837	vegas_box_guest
$	8838	vegas_box_slaver
$	8839	vegas_gecko_guest
$	8840	vegas_policeman
$	8841	vegas_hotel_guest
$	8842	vegas_secretary
$	8843	vegas_commander
$	8844	vegas_cas_owner
$	8845	vegas_staff
$	8846	vegas_officer
$	8847	vegas_hotdog
$	8848	vegas_mechanic
$	8849	vegas_paul
$	8850	vegas_tony
$	8851	vegas_woody

$	8900	saltlake_roger
$	8901	saltlake_steven
$	8902	saltlake_joe
$	8903	saltlake_nukacolaworker
$	8904	saltlake_pharmacist
$	8905	saltlake_caravaneer
$	8906	saltlake_skinner
$	8907	saltlake_administrator
$	8908	saltlake_cook
$	8909	saltlake_technician

$	9000	hawthorne_liquidjoe
$	9001	hawthorne_fernandez
$	9002	hawthorne_soldier

 	9050    repl_bank_banker
$	9051    repl_bank_guard
$	9052    repl_bank_keeper
 	9053    repl_terminal
$	9060	factions_terminal
$   9061    tents_campfire
$	9062	faction_door
$	9063	faction_settlement
$	9064	faction_trader
$	9065	faction_worker
$	9066	faction_guard
$	9067	faction_caravaner
$	9068	faction_vortis
$	9069	faction_doctor
$	9070	faction_implantier
$	9071	blackcross_base_foreworker
$	9100	faction_lights
$	9200	factions_geck_kelvin
$	9201	gen_quest_fetcher_1
$	9202	gen_quest_fetcher_2
$	9203	gen_quest_fetcher_3
$	9204	gen_quest_fetcher_4
$	9300	economy_banker
$	9301	economy_vault_guard
$	9302	item_levelup
$	9310	follower
$	9311	follower_dog
$	9312	follower_brahmin
$	9313	brahminman_guard
$	9314	follower_slave
$ 	9315  	slaver_tribalcamp_1
$ 	9316  	slaver_caravan_1
  	9317  	slaver3farm
  	9318  	slaver4gas
$ 	9319  	slaver_junkies_1
$	9320	follower_companion
$	9321	follower_companion_pre
$	9322	follower_rat
$	9323	vaultx_door

$	9400	cafe_1
$	9401	cafe_2
$	9402	cafe_3
$	9403	cafe_4
$	9404	cafe_5
$	9405	cafe_6
$	9406	cafe_7
$	9407	cafe_8
$	9408	cafe_9
$	9409	cafe_10

$	9438	gun_gabriel
$	9439	gun_gunrnr
$	9440	gun_moatalexei
$	9441	gun_zack
$	9442	la_ady_caleb
$	9443	la_ady_chuck
$	9444	la_ady_cit
$	9445	la_ady_lorraine
$	9446	la_ady_taylor
$	9447	la_ady_zimmer
$	9448	la_ady_miles
$	9449	la_blade_generic
$	9450	la_blade_razor
$	9451	la_lib_fol
$	9452	la_lib_katja
$	9453	la_lib_nicole 
$	9454	la_ady_reg
$	9455	la_ady_gunsmith
$	9456	la_lib_caesar
$	9457	la_blade_simon
$	9458	la_gun_elmer
$	9459	la_regulator1
$	9460	la_regulator2
$	9461	la_train_peasant1
$	9462	la_train_peasant2
$	9463	la_train_ticketseller
$	9464	la_train_coc1
$	9465	la_train_coc2
$	9466	la_train_coc3
$	9468	la_blade_hangman_regulator
$	9469	la_train_coc4
$	9470	la_ady_hendriks
$	9471	la_dog
$	9472	la_lib_librarian
$	9473	la_lib_tent_dweller
$	9474	la_ady_dogman
$	9475	gun_gunrnr2
$	9476	la_blade_trisha
$	9477	la_lib_therese
$	9478	gun_facility_worker
$	9479	la_locker_guards

    10000   nuka_vending_machine

$	10100	prospect_owner
$	10101	prospect_guard

$	10150	all_base_foreworker
$	10151	all_base_builder
$	10152	all_mr_handy

$	10200	train_conductor

$   10203	event_team
$   10204	event_enclave
$   10206	event_vc
$   10207	event_ncr
$   10208	event_def
$   10209	event_bos
$   10210	event_door
$   10211	event_doors
$   10212	event_unity
$   10230	event_Reno

$	10250	ul_junk_todd
$	10251	spawn_caravan_ghoul1
$	10252	spawn_caravan_ghoul_newton
$	10253	spawn_caravan_ghoul_leeroy
$	10254	spawn_hub_caravanleader
$	10255	spawn_hub_caravanwater
$	10256	verti_mechanic

$	10260	q_horatius_leader
$	10261	q_horatius_gang
$	10262	q_tanker_terminal
$	10263	q_caesar_ganger_leader
$	10264	q_caesar_ganger
$	10265	q_caesar_girl
$	10266	q_caesar_father
$	10267	q_rail_raider_leader
$	10268	q_rail_raider_generic
$	10269	q_rail_raider_conductor
$	10270	q_la_warehouse_jobgiver
$	10271	q_la_warehouse_generic
$	10272	q_la_warehouse_main
$	10273	q_cath_cranium_rat
$	10274	q_cath_basement_door
$	10275	q_cath_monk
$	10276	q_cath_ghoul
$	10277	q_gunrunner_smutant
$	10278	q_frisco_subway_stairs
$	10279	q_ncr_brahmin_child
$	10280	q_jt_scorpion
$	10281	q_brahmin_run_giver1
$	10282	q_brahmin_run_herdsman
$	10283	q_brahmin_run_destination_npc
$	10284	q_first_tent_eric
$	10285	q_first_tent_sally
$	10286	q_first_tent_hasso
$	10287	q_first_tent_evelyn
$	10288	q_daily

$ 	10500 	rq_risto
$	10501	rq_monte_carlo

$	10600	militia

$	10700	ul_gas_gordon
$	10701	ul_gas_tamira

$	10710 	ul_trainyard3_bobjr

$	10799	event_low_outfitter
$	10800	event_warzone_terminal
$	10801	event_outfitter
$	10803	arena_scheduler
$	10804	arena_outfitter
$	10805	arena_guard
$	10806	arena_door
$	10807	arena_barman
$	10808	dialogimage
$	10809 event_outfitter2
$	10810	event_teleporter
$   10811   event_outfitter_special

$   10812   id_enter
$   10813   id_outpost
 	
$	10900	billboard_hub
$	10901	billboard_adytum
$	10902	billboard_shadysands
$	10903	billboard_shadysands2

$	10999	war_officer

$	11000	all_ncr_army
$	11001	all_caravan_town_generic
$	11002	all_caravan_encounter_generic
$   11003   all_enclave_soldier
$   11004   all_renegade

$   12000   vault13_mob_dweller
$   12001   vault13_overseer

$ 	21200	q_mb_energetics
$	21201	q_mb_reactor
$	21202	q_mb_infi
$	21203	q_mb_body
$	21204	q_mb_uber_bot_terminal

$	22120	talchem_l5
$	22121	talchem_rl
$	22122	talchem_Ter

$   22123   hub_foxter

$   22124   bos_surface_knight
$   22125   bos_surface_rox
$   22126   bos_mechanic
$   22127   bos_lh_jack
$   22128   bos_surface_rose
$   22129   bos_surface_Ostin

$   22130   GAV_Terminal1
$   22131   GAV_Terminal2
$   22132   GAV_Handy1
$   22133   GAV_Handy2
$   22134   GAV_Handy3
$   22135   GAV_Handy4
$   22136   GAV_Handy5

$   22137   rockside_Arnold
$   22138   rockside_William
$   22139   q_rockside_nuka
$   22140   q_rockside_cig_robot
$   22141   ncr_citizenship
$   22142   lh_darius
$   22143   Abbey_Terminal
$   22144   Abbey_Knight
$   22145   Abbey_Roy
$   22146   q_rockside_boris
$   22147   q_rockside_agnes
$   22148   rockside_Fernand
$   22149   q_rockside_pfs
$   22150   nav_sniper
$   22151   nav_spy
$   22152   q_rockside_Miguel
$   22153   q_rockside_Watcher
$   22154   tunnels_terminal
$   22155   abbey_terminal_rad
$   22156   waterworks_terminal1
$   22157   waterworks_terminal2
$   22158   tc_terminal1
$   22159   tc_terminal2
$   22160   tc_terminal3
$   22161   x7_terminal1
$   22162   x7_terminal2
$   22163   ares_terminal
$   22164   glow_terminal1
$   22165   glow_terminal2
$   22166   glow_terminal3
$   22167   nav_watcher
$   22168   q_rockside_Alexis
$   22169   q_rockside_Constantine
$   22170   fo3_q_francis
$   22171   q_rockside_cooker
$   22172   q_rockside_judith
$   22173   q_rockside_sally
$   22174   q_rockside_redwolf
$   22175   rockside_bishop
$   22176   rockside_bruce
$   22177   rockside_joseph
$   22178   q_rockside_farmer
$   22179   rockside_kyles
$   22180   q_rockside_arkham
$   22181   rockside_drunk
$   22182   rockside_vangraffs
$   22183   rockside_kids
$   22184   rockside_civil
$   22185   rockside_guard
$   22186   rockside_caravaner
$   22187   rockside_gunsmith
$   22188   q_rockside_breakit
$   22189   hub_arkansas
$   22190   ncr_paramedic
$   22191   klam_enc_cit
$   22192   klam_enc_driver
$   22193   q_klamath_felix
$   22194   tc_generator
$   22195   necro_bos
$   22196   necro_protest
$   22197   q_necro_lucifer
$   22198   necro_main_terminal
$   22199   adytum_driver
$   22200   adytum_mechanic
$   22201   adytum_mercury
$   22202   mus_motorcycle
$   22203   mus_trash_bin
$   22204   mus_gas_pump
$   22205   mus_police_barrier
$   22206   mus_police_shield
$   22207   mus_tv
$   22208   mus_generator
$   22209   mus_machine
$   22210   junk_colonel
$   22211   junk_ncr
$   22212   klamath_bunker_terminal
$   22213   vegas_ncr
$   22214   vegas_velix
$   22215   vegas_david
$   22216   vegas_robenson
$   22217   adytum_weffer
$   22218   adytum_bos_soldiers
$   22219   adytum_bos_commander
$   22220   adytum_market_guard
$   22221   bh_vc
$   22222   bh_vc_guard
$   22223   bh_vc_max
$   22224   bh_vc_terminal
$   22225   bh_vc_centurion
$   22226   hawthorne_christian
$   22227   hawthorne_board
$   22228   hawthorne_robobrain
$   22229   hawthorne_alpha
$   22230   hawthorne_robot
$   22231   hawthorne_deathclaw
$   22232   hawthorne_citizen 
$   22233   hawthorne_christofer
$   22234   hawthorne_secretary
$   22235   hawthorne_whore
$   22236   hawthorne_whore2
$   22237   den_pax
$   22238   den_private
$   22239   den_doctor
$   22240   den_infected
$   22241   den_memory
$   22242   a51_power1
$   22243   a51_power2
$   22244   a51_power3
$   22245   hawthorne_guard
$   22246   hawthorne_roboguard
$   22247   treasure_MarkDougan
$   22248   treasure_bounty
$   22249   signal_bandit
$   22250   signal_helix
$   22251   signal_terminal
$   22252   hawthorne_slave
$   22253   hawthorne_vc
$   22254   hawthorne_ticket
$   22255   hawthorne_civil
$   22256   tunnel_terminal
$   22257   seth_soldier
$   22258   seth_dean
$   22259   signal_computer
$   22260   hawthorne_tech
$   22261   se_chosen
$   22262   notr_terminal1
$   22263   notr_terminal2
$   22264   notr_terminal3
$   22265   notrhill_veter
$   22266   notr_alex
$   22267   notr_computer
$   22268   ncr_army_doorguard2
$   22269   seth_dorian
$   22270   seth_joe
$   22271   seth_burk
$   22272   seth_isaac
$   22273   seth_guard
$   22274   seth_local
$   22275   seth_alastor
$   22276   seth_samantha
$   22277   seth_kid
$   22278   seth_bum
$   22279   seth_betsy
$   22280   seth_julian
$   22281   seth_junk1
$   22282   seth_junk2
$   22283   seth_junk3
$   22284   seth_anna
$   22285   seth_charley
$   22286   wow_guard
$   22287   wow_local
$   22288   wow_caravaner
$   22289   radio_merc
$   22290   radio_box
$   22291   radio_alice
$   22292   radio_duke
$   22293   radio_cultist
$   22294   radio_terminal1
$   22295   bunker_terminal1
$   22296   bunker_terminal2
$   22297   slc_terminal1
$   22298   wow_bus
$   22299   wow_robot
$   22300   wow_ryan
$   22301   wow_foxlove
$   22302   wow_jery
$   22303   wow_howard
$   22304   wow_glory
$   22305   v41_terminal1
$   22306   v41_terminal1_1
$   22307   v41_terminal2
$   22308   v41_armory
$   22309   v41_main
$   22310   v41_main1
$   22311   wow_kid
$   22312   v41_alarm
$   22313   provo_enc
$   22314   provo_scientist
$   22315   provo_gate
$   22316   wow_trader
$   22317   wow_doctor
$   22318   fort_doc
$   22319   graf_merc
$   22320   graf_gloria
$   22321   all_infected
$   22322   adytum_informer
$   22323   gramaphone
$   22324   enc_quartermaster
$   22325   talchem_terminal_research
$   22326   x7_generator
$   22327   x7_computer
$   22328   tunnel_term
$   22329   ady_terminal
$   22340   vt_terminal1
$   22341   vt_terminal2
$   22342   vt_terminal3
$   22343   ncr_door
$   22344   ncr_aria
$   22345   ncr_follower
$   22346   ncr_leo
$   22347   ncr_plant
$   22348   den_cultist
$   22349   den_terminal
$   22350   sal_terminal
$   22351   v32_res
$   22352   v32_guard
$   22353   v32_bot
$   22354   v12_lucius
$   22355   v12_lucius_guard
$   22356   v32_watch
$   22357   v32_nuka
$   22358   v32_adam
$   22359   vegas_monument
$   22360   crashed_terminal
$   22361   vault_printer
$   22362   all_conscript
$   22363   crashed_terminal2
$   22364   all_securitron
$   22365   vegas_bum
$   22366   vegas_gate1
$   22367   vegas_nuka
$   22368   vegas_vending
$   22369   vegas_bank
$   22370   vegas_pile
$   22371   vegas_christine
$   22372   cit1
$   22373   cit2
$   22374   cit3
$   22375   cit_term
$   22377   vegas_magazine1
$   22378   vegas_magazine2
$   22379   rockside_rogers
$   22380   rockside_denkel
$   22381   museum1
$   22382   museum2
$   22383   museum3
$   22384   museum4
$   22385   vegas_sandra
$   22386   vegas_bath
$   22387   vegas_stephan
$   22388   vegas_machine
$   22389   vegas_bar
$   22390   vegas_manager
$   22391   vegas_memorial
$   22392   vegas_ranger
$   22393   vegas_chaz
$   22394   vegas_gaz
$   22395   vegas_gary
$   22396   vegas_ronald
$   22397   vegas_liza
$   22398   vegas_exchange
$   22399   rockside_bank
$   22400   ranger_terminal
$   22401   vegas_gross
$   22402   vegas_douglas
$   22403   talchem_computer
$   22404   tobacco_robot
$   22405   tobacco_terminal
$   22406   adytum_vulfus
$   22407   tobacco_decker
$   22408   raiders_arrow
$   22409   raiders_lector
$   22410   farm_pump
$   22411   farm_cabbage
$   22412   farm_papaya
$   22413   farm_mushroom
$   22414   sarmatia_janna
$   22415   all_stove
$   22416   flag_seller
$   22417   nuka_matrix
$   22418   raiders_anderson
$   22419   vc_hq
$   22420   vault_pump
$   22421   master_gate
$   22422   master_pope
$   22423   vc_quartermaster
$   22424   ma_quartermaster
$   22425   diego_terminal1
$   22426   diego_terminal2
$   22427   diego_bcd
$   22428   diego_bcd2
$   22429   diego_bcd_terminal
$   22430   diego_matrix
$   22431   diego_warning
$   22432   blackstone_terminal1
$   22433   blackstone_terminal2
$   22434   blackstone_terminal3
$   22435   blackstone_piano
$   22436   blackstone_terminal4
$   22437   blackstone_terminal5
$   22438   tobacco_control
$   22439   naval_bar
$   22440   naval_door
$   22441   sarmatia_beer
$   22442   legion_barman
$   22443   legion_book_trader
$   22444   legion_terminal_drugs
$   22445   legion_door
$   22446   legion_trader
$   22447   signifer_max
$   22448   legionary
$   22449   legion_butcher
$   22450   reno_ralph
$   22451   reno_toilet
$   22452   reno_mail
$   22453   reno_music
$   22454   reno_bed
$   22455   reno_piano
$   22456   reno_honest_merc
$   22457   reno_morgan
$   22458   legion_trader2
$   22459   legion_trader3
$   22460   legion_trader4
$   22461   legion_tech
$   22462   poseidon_shower
$   22463   legion_door2
$   22464   legion_captain
$   22465   legion_door_airship
$   22466   legion_pet1
$   22467   legion_pet2
$   22468   mine_door_frisco
$   22469   mine_door_frieco2
$   22470   ncr_mine_door
$   22471   junk_mine_door
$   22472   klam_mine_door
$   22473   ncr_bill
$   22474   ncr_jeremy
$   22475   ncr_michael
$   22476   ncr_olus
$   22477   ncr_benjamin
$   22478   sad_garage
$   22479   sad_shelter1
$   22480   sad_shelter2
$   22481   se_commissar
$   22482   se_sovdog
$   22483   vegas_cotton
$   22484   wattz_cotsford
$   22485   wattz_robobrain
$   22486   wattz_sentrybot
$   22487   wattz_roboeye
$   22488   wattz_handy
$   22489   vegas_robert
$   22490   saltlake_autodoc
$   22491   event_t4_outfitter
$   22492   team_distributor
$   22493   training_tele1
$   22494   reactor_parker
$   22495   reactor_becky
$   22496   reactor_punk
$   22497   enclave_horrigan
$   22498   reactor_knight
$   22499   reactor_knight1
$   22500   reactor_dan
$   22501   all_mushroom
$   22502   reactor_gutsy
$   22503   reactor_machine
$   22504   reactor_ghoul
$   22505   reactor_gorus
$   22506   reactor_nuka
$   22507   ncr_water
$   22508   ncr_flowers
$   22509   reactor_mutant1
$   22510   reactor_child
$   22511   training_tele_bos
$   22512   diego_vc
$   22513   diego_body1
$   22514   diego_body2
$   22515   diego_body3
$   22516   diego_body4
$   22517   diego_vc_soldier
$   22518   diego_stranger
$   22519   centro_police
$   22520   centro_citizen
$   22521   centro_loyalist
$   22522   centro_pope
$   22523   tower_guard
$   22524   tower_dukles
$   22525   tower_robert
$   22526   tower_daniels
$   22527   tower_entrance
$   22528   church_dork
$   22529   church_robert
$   22530   church_blade
$   22531   reactor_sorus
$   22532   ul_junk_bot
$   22533   se_horsemen_war
$   22534   se_horsemen_famine
$   22535   se_horsemen_conquest
$   22536   se_horsemen_death
$   22537   infinity_term1
$   22538   infinity_term2
$   22539   hawthorne_memory
$   22540   bh_memory
$   22541   hub_memory
$   22542   glow_memory
$   22543   gecko_memory
$   22544   la_cave_term1
$   22545   la_cave_term2
$   22546   la_cave_term3
$   40004   all_exploding_barrel
$   40005   all_sandbag
************************************************************
