1      PID_LEATHER_ARMOR
2      PID_METAL_ARMOR
3      PID_POWERED_ARMOR
4      PID_KNIFE
5      PID_CLUB
6      PID_SLEDGEHAMMER
7      PID_SPEAR
8      PID_10MM_PISTOL
9      PID_10MM_SMG
10     PID_HUNTING_RIFLE
11     PID_FLAMER
12     PID_MINIGUN
13     PID_ROCKET_LAUNCHER
14     PID_EXPLOSIVE_ROCKET
15     PID_PLASMA_RIFLE
16     PID_LASER_PISTOL
17     PID_COMBAT_ARMOR
18     PID_DESERT_EAGLE
19     PID_ROCK
20     PID_CROWBAR
21     PID_BRASS_KNUCKLES
22     PID_14MM_PISTOL
23     PID_ASSAULT_RIFLE
24     PID_PLASMA_PISTOL
25     PID_FRAG_GRENADE
26     PID_PLASMA_GRENADE
27     PID_PULSE_GRENADE
28     PID_GATLING_LASER
29     PID_10MM_JHP
30     PID_10MM_AP
31     PID_44_MAGNUM_JHP
32     PID_FLAMETHROWER_FUEL
33     PID_14MM_AP
34     PID_223_FMJ
35     PID_5MM_JHP
36     PID_5MM_AP
37     PID_ROCKET_AP
38     PID_SMALL_ENERGY_CELL
39     PID_MICRO_FUSION_CELL
40     PID_STIMPAK
41     PID_BOTTLE_CAPS
42     PID_FRIDGE
43     PID_ICE_CHEST_LEFT
44     PID_ICE_CHEST_RIGHT
45     PID_THROWING_KNIFE
46     PID_BAG
47     PID_FIRST_AID_KIT
48     PID_RADAWAY
49     PID_ANTIDOTE
50     PID_STEEL
51     PID_DYNAMITE
52     PID_GEIGER_COUNTER
53     PID_MENTATS
54     PID_STEALTH_BOY
55     PID_WATER_CHIP
56     PID_DOG_TAGS
57     PID_ELECTRONIC_BUG
58     PID_HOLODISK
59     PID_MOTION_SENSOR
60     PID_BOOKCASE_0
61     PID_BOOKCASE_1
62     PID_BOOKCASE_2
63     PID_BOOKCASE_3
64     PID_BOOKCASE_4
65     PID_BOOKCASE_5
66     PID_DESK_0
67     PID_DESK_1
68     PID_DRESSER_0
69     PID_DRESSER_1
70     PID_DRESSER_2
71     PID_MUTATED_FRUIT
72     PID_BRIEFCASE
73     PID_BIG_BOOK_OF_SCIENCE
74     PID_LEATHER_JACKET
75     PID_MULTI_TOOL
76     PID_DEANS_ELECTRONICS
77     PID_ELECTRONIC_LOCKPICKS
78     PID_FUZZY_PAINTING
79     PID_FLARE
80     PID_FIRST_AID_BOOK
81     PID_IGUANA_ON_A_STICK
82     PID_KEY
83     PID_KEYS
84     PID_LOCKPICKS
85     PID_PLASTIC_EXPLOSIVES
86     PID_SCOUT_HANDBOOK
87     PID_BUFFOUT
88     PID_WATCH
89     PID_MOTOR
90     PID_BACKPACK
91     PID_DOCTORS_BAG
92     PID_SCORPION_TAIL
93     PID_BROWN_BAG
94     PID_SHOTGUN
95     PID_SHOTGUN_SHELLS
96     PID_RED_PASS_KEY
97     PID_BLUE_PASS_KEY
98     PID_PUMP_PARTS
99     PID_GOLD_LOCKET
100    PID_RADIO
101    PID_LIGHTER
102    PID_GUNS_AND_BULLETS
103    PID_MEAT_ON_A_STICK
104    PID_TAPE_RECORDER
105    PID_NUKE_KEY
106    PID_NUKA_COLA
107    PID_ALIEN_SIDE
108    PID_ALIEN_FORWARD
109    PID_RAD_X
110    PID_PSYCHO
111    PID_44_FMJ_MAGNUM
112    PID_URN
113    PID_PURPLE_ROBE
114    PID_TANGLERS_HAND
115    PID_SUPER_SLEDGE
116    PID_RIPPER
117    PID_FLOWER
118    PID_LASER_RIFLE
119    PID_NECKLACE
120    PID_ALIEN_LASER_PISTOL
121    PID_9MM_BALL
122    PID_9MM_MAUSER
123    PID_PSYCHIC_NULLIFIER
124    PID_BEER
125    PID_BOOZE
126    PID_WATER_FLASK
127    PID_ROPE
128    PID_FOOTLOCKER_CLEAN_LEFT
129    PID_FOOTLOCKER_RUSTY_LEFT
130    PID_FOOTLOCKER_CLEAN_RIGHT
131    PID_FOOTLOCKER_RUSTY_RIGHT
132    PID_LOCKER_CLEAN_LEFT
133    PID_LOCKER_RUSTY_LEFT
134    PID_LOCKER_CLEAN_RIGHT
135    PID_LOCKER_RUSTY_RIGHT
136    PID_WALL_LOCKER_CLEAN_LEFT
137    PID_WALL_LOCKER_CLEAN_RIGHT
138    PID_WALL_LOCKER_RUSTY_LEFT
139    PID_WALL_LOCKER_RUSTY_RIGHT
140    PID_ACCESS_CARD
141    PID_BLACK_COC_BADGE
142    PID_RED_COC_BADGE
143    PID_SNIPER_RIFLE
144    PID_SUPER_STIMPAK
145    PID_BOOKSELF_0
146    PID_BOOKSELF_1
147    PID_BOOKSELF_2
148    PID_MISC_BOOKCASE_0
149    PID_BOOKSELF_3
150    PID_MISC_BOOKCASE_1
151    PID_SHELVES_0
152    PID_SHELVES_1
153    PID_SHELVES_2
154    PID_MISC_SHELVES_0
155    PID_SHELVES_3
156    PID_MISC_SHELVES_1
157    PID_WORKBENCH
158    PID_TOOL_BOARD
159    PID_MOLOTOV_COCKTAIL
160    PID_CATTLE_PROD
161    PID_RED_RYDER_BB_GUN
162    PID_RED_RYDER_LE_BB_GUN
163    PID_BBS
165    PID_IGUANA_STAND
166    PID_TABLE_0
167    PID_TABLE_1
168    PID_STUFF_0
169    PID_STUFF_1
170    PID_STUFF_2
171    PID_STUFF_3
172    PID_STUFF_4
173    PID_STUFF_5
174    PID_STUFF_6
175    PID_STUFF_7
176    PID_STUFF_8
177    PID_STUFF_9
178    PID_STUFF_10
179    PID_STUFF_11
180    PID_CONTAINER_WOOD_CRATE
181    PID_DESK_3
182    PID_DESK_4
183    PID_DESK_5
184    PID_DESK_6
185    PID_DESK_7
186    PID_DESK_8
187    PID_DESK_9
188    PID_LOCKER_7
189    PID_LOCKER_8
190    PID_DISK_FEV
191    PID_DISK_SECURITY
192    PID_DISK_ALPHA_EXPERIMENT
193    PID_DISK_DELTA_EXPERIMENT
194    PID_DISK_VREES_EXPERIMENT
195    PID_DISK_BROTHERHOOD_HONOR_CODE
196    PID_DISK_MUTANT_TRANSMISSIONS
197    PID_BOX_0
198    PID_BOX_1
199    PID_BOX_2
200    PID_BOX_3
201    PID_BOX_4
202    PID_BOX_5
203    PID_BOX_6
204    PID_BOX_7
205    PID_ACTIVE_FLARE
206    PID_ACTIVE_DYNAMITE
207    PID_ACTIVE_GEIGER_COUNTER
208    PID_ACTIVE_MOTION_SENSOR
209    PID_ACTIVE_PLASTIC_EXPLOSIVE
210    PID_ACTIVE_STEALTH_BOY
211    PID_VAULT_DWELLER_BONES
212    PID_BARTER_TANDI
213    PID_REMAINSOF_GIZMO
214    PID_DESK_10
215    PID_DISK_BROTHERHOOD_HISTORY
216    PID_DISK_MAXSON_HISTORY
217    PID_DISK_MAXSON_JOURNAL
218    PID_BARTER_LIGHT_HEALING
219    PID_BARTER_MEDIUM_HEALING
220    PID_BARTER_HEAVY_HEALING
221    PID_SECURITY_CARD
222    PID_TOGGLE_SWITCH
223    PID_YELLOW_PASS_KEY
224    PID_SMALL_STATUETTE
225    PID_CATS_PAW
226    PID_BOX_OF_NOODLES
227    PID_FROZEN_DINNER
228    PID_TECHNICAL_MANUAL
229    PID_MOTIVATOR
230    PID_DISK_VAULT_RECORDS
231    PID_DISK_MILITARY_BASE_SEC_CODE
232    PID_HARDENED_POWER_ARMOR
233    PID_TURBO_PLASMA_RIFLE
234    PID_SPIKED_KNUCKLES
235    PID_POWER_FIST
236    PID_COMBAT_KNIFE
237    PID_CHEMISTRY_MANUAL
238    PID_DISK_REGULATOR_TRANSMISSIONS
239    PID_BROTHERHOOD_COMBAT_ARMOR
240    PID_TESLA_ARMOR
241    PID_223_PISTOL
242    PID_COMBAT_SHOTGUN
243    PID_SMALL_POT
244    PID_TALL_POT
245    PID_CHEST
246    PID_LEFT_ARROYO_BOOKCASE
247    PID_RIGHT_ARROYO_BOOKCASE
248    PID_OLIVE_POT
249    PID_FLOWER_POT
250    PID_HUMAN_BONES
251    PID_BONES
252    PID_ANNA_GOLD_LOCKET
253    PID_CAR_FUEL_CELL_CONTROLLER
254    PID_CAR_FUEL_INJECTION
255    PID_DAY_PASS
256    PID_FAKE_CITIZENSHIP
257    PID_CORNELIUS_GOLD_WATCH
258    PID_HY_MAG_PART
259    PID_JET
260    PID_JET_ANTIDOTE
261    PID_JONNY_BB_GUN
262    PID_RUBBER_BOOTS
263    PID_SLAG_MESSAGE
264    PID_SMITH_COOL_ITEM
265    PID_CURED_LEATHER_ARMOR
266    PID_VIC_RADIO
267    PID_VIC_WATER_FLASK
268    PID_HK_CAWS
269    PID_ROBOT_PARTS
270    PID_ROBO_ROCKET_LAUNCHER
271    PID_BROC_FLOWER
272    PID_XANDER_ROOT
273    PID_HEALING_POWDER
274    PID_ROBO_ROCKET_AMMO
275    PID_TROPHY_OF_RECOGNITION
276    PID_GECKO_PELT
277    PID_GOLDEN_GECKO_PELT
278    PID_FLINT
279    PID_NEURAL_INTERFACE
280    PID_SHARP_SPEAR
281    PID_DIXON_EYE
282    PID_CLIFTON_EYE
283    PID_TOMMY_GUN
284    PID_MEAT_JERKY
285    PID_RADSCORPION_PARTS
286    PID_FIREWOOD
287    PID_SCOPED_HUNTING_RIFLE
288    PID_CAR_FUEL_CELL
289    PID_SHOVEL
290    PID_EYEBALL_FIST_1
291    PID_EYEBALL_FIST_2
292    PID_BOXING_GLOVES
293    PID_PLATED_BOXING_GLOVES
294    PID_HOLODISK_FAKE_V13
295    PID_CHEEZY_POOFS
296    PID_HK_P90C
297    PID_PLANK
298    PID_TRAPPER_TOWN_KEY
299    PID_SPRINGER_RIFLE
300    PID_ZIP_GUN
301    PID_CLIPBOARD
302    PID_GECKO_DATA_DISK
303    PID_REACTOR_DATA_DISK
304    PID_DECK_OF_TRAGIC_CARDS
305    PID_YELLOW_REACTOR_KEYCARD
306    PID_RED_REACTOR_KEYCARD
307    PID_PLASMA_TRANSFORMER
308    PID_SUPER_TOOL_KIT
309    PID_TALISMAN
310    PID_GAMMA_GULP_BEER
311    PID_ROENTGEN_RUM
312    PID_PART_REQUISITION_FORM
313    PID_44_MAGNUM_REVOLVER
314    PID_BLUE_CONDOM
315    PID_GREEN_CONDOM
316    PID_RED_CONDOM
317    PID_COSMETIC_CASE
318    PID_HYPODERMIC_NEEDLE
319    PID_SWITCHBLADE
320    PID_SHARPENED_POLE
321    PID_CYBERNETIC_BRAIN
322    PID_HUMAN_BRAIN
323    PID_CHIMP_BRAIN
324    PID_ABNORMAL_BRAIN
325    PID_DICE
326    PID_LOADED_DICE
327    PID_EASTER_EGG
328    PID_MAGIC_8_BALL
329    PID_MUTAGENIC_SYRUM
330    PID_CRASHED_VERTI_BIRD
331    PID_CATS_PAW_ISSUE_5
332    PID_GREASE_GUN
333    PID_HEART_PILLS
334    PID_HYPO_POISON
335    PID_MOORE_BAD_BRIEFCASE
336    PID_MOORE_GOOD_BRIEFCASE
337    PID_LYNETTE_HOLO
338    PID_WESTIN_HOLO
339    PID_SPY_HOLO
340    PID_DR_HENRY_PAPERS
341    PID_PRESIDENTIAL_PASS
342    PID_RANGER_PIN
343    PID_RANGER_MAP
344    PID_GRAVESITE_1
345    PID_GRAVESITE_2
346    PID_GRAVESITE_3
347    PID_GRAVESITE_4
348    PID_ADVANCED_POWER_ARMOR
349    PID_ADVANCED_POWER_ARMOR_MK2
350    PID_BOZAR
351    PID_FN_FAL
352    PID_HK_G11
353    PID_INDEPENDENT
354    PID_PANCOR_JACKHAMMER
355    PID_LIGHT_SUPPORT_WEAPON
356    PID_COMPUTER_VOICE_MODULE
357    PID_45_CALIBER_AMMO
358    PID_2MM_EC_AMMO
359    PID_4_7MM_CASELESS
360    PID_9MM_AMMO
361    PID_HN_NEEDLER_CARTRIDGE
362    PID_HN_AP_NEEDLER_CARTRIDGE
363    PID_7_62MM_AMMO
364    PID_ROBOT_MOTIVATOR
365    PID_PLANT_SPIKE
366    PID_GECK
367    PID_LG_LT_AMMO_CRATE
368    PID_SM_LT_AMMO_CRATE
369    PID_LG_RT_AMMO_CRATE
370    PID_SM_RT_AMMO_CRATE
371    PID_DEATHCLAW_CLAW_1
372    PID_DEATHCLAW_CLAW_2
373    PID_V15_KEYCARD
374    PID_LF_GRAVESITE_1
375    PID_LF_GRAVESITE_2
376    PID_LF_GRAVESITE_3
377    PID_V15_COMPUTER_PART
378    PID_COOKIE
379    PID_LEATHER_ARMOR_MK_II
380    PID_METAL_ARMOR_MK_II
381    PID_COMBAT_ARMOR_MK_II
382    PID_FLAMETHROWER_FUEL_MK_II
383    PID_SHIV
384    PID_WRENCH
385    PID_SAWED_OFF_SHOTGUN
386    PID_LOUISVILLE_SLUGGER
387    PID_M60
388    PID_NEEDLER_PISTOL
389    PID_AVENGER_MINIGUN
390    PID_SOLAR_SCORCHER
391    PID_HK_G11E
392    PID_M72_GAUSS_RIFLE
393    PID_PHAZER
394    PID_PK12_GAUSS_PISTOL
395    PID_VINDICATOR_MINIGUN
396    PID_YK32_PULSE_PISTOL
397    PID_YK42B_PULSE_RIFLE
398    PID_44_MAGNUM_SPEEDLOADER
399    PID_SUPER_CATTLE_PROD
400    PID_IMPROVED_FLAMETHROWER
401    PID_LASER_RIFLE_EXT_CAP
402    PID_MAGNETO_LASER_PISTOL
403    PID_FN_FAL_NIGHT_SCOPE
404    PID_DESERT_EAGLE_EXT_MAG
405    PID_ASSAULT_RIFLE_EXT_MAG
406    PID_PLASMA_PISTOL_EXT_CART
407    PID_MEGA_POWER_FIST
408    PID_FIELD_MEDIC_KIT
409    PID_PARAMEDICS_BAG
410    PID_EXP_LOCKPICK_SET
411    PID_ELEC_LOCKPICK_MKII
412    PID_OIL_CAN
413    PID_STABLES_ID_BADGE
414    PID_VAULT_13_SHACK_KEY
415    PID_SPECTACLES
416    PID_EMPTY_JET
417    PID_OXYGEN_TANK
418    PID_POISON_TANK
419    PID_MINE_PART
420    PID_MORNING_STAR_MINE
421    PID_HOLY_HAND_GRENADE
422    PID_EXCAVATOR_CHIP
423    PID_FOOLS_GOLD
424    PID_MONUMENT_CHUNCK
425    PID_STONE_HEAD
426    PID_URANIUM_ORE
427    PID_FIRE_GECKO_FLAME_WEAPON
427    PID_FLAME_BREATH
428    PID_MEDICAL_SUPPLIES
429    PID_GOLD_TOOTH
430    PID_HOWITZER_SHELL
431    PID_RAMIREZ_BOX_CLOSED
432    PID_RAMIREZ_BOX_OPEN
433    PID_MIRROR_SHADES
434    PID_WAGON_RED
435    PID_WAGON_GREY
436    PID_DECK_OF_CARDS
437    PID_MARKED_DECK_OF_CARDS
438    PID_TEMPLE_KEY
439    PID_POCKET_LINT
440    PID_BIO_GEL
441    PID_BLONDIE_DOG_TAG
442    PID_ANGEL_EYES_DOG_TAG
443    PID_TUCO_DOG_TAG
444    PID_RAIDERS_MAP
445    PID_SHERIFF_BADGE
446    PID_VERTIBIRD_PLANS
447    PID_BISHOPS_HOLODISK
448    PID_ACCOUNT_BOOK
449    PID_BRAHMIN_SKIN
450    PID_TORN_PAPER_1
451    PID_TORN_PAPER_2
452    PID_TORN_PAPER_3
453    PID_PASSWORD_PAPER
454    PID_EXPLOSIVE_SWITCH
455    PID_CAR_TRUNK
456    PID_JAIL_KEY
457    PID_ELRON_FIELD_REP
458    PID_ENCLAVE_HOLODISK_5
459    PID_ENCLAVE_HOLODISK_1
460    PID_ENCLAVE_HOLODISK_2
461    PID_ENCLAVE_HOLODISK_3
462    PID_ENCLAVE_HOLODISK_4
463    PID_EVACUATION_HOLODISK
464    PID_EXPERIMENT_HOLODISK
465    PID_MEDICAL_HOLODISK
466    PID_PASSWORD_HOLODISK
467    PID_HIDDEN_CONTAINER
468    PID_SMITTY_MEAL
469    PID_ROT_GUT
470    PID_BALL_GAG
471    PID_BECKY_BOOK
472    PID_ELRON_MEMBER_HOLO
473    PID_MUTATED_TOE
474    PID_DAISIES
475    PID_METAL_TRASH
476    PID_ENLIGHTENED_ONE_LETTER
477    PID_BROADCAST_HOLODISK
478    PID_SIERRA_MISSION_HOLODISK
479    PID_NAVCOM_PARTS
480    PID_KITTY_SEX_DRUG_AGILITY
481    PID_KITTY_SEX_DRUG_INTELLIGENCE
482    PID_KITTY_SEX_DRUG_STRENGTH
483    PID_FALLOUT_2_HINTBOOK
484    PID_PLAYERS_EAR
485    PID_MASTICATORS_EAR
486    PID_REFINED_ORE
487    PID_MEMO
488    PID_K9_MOTIVATOR
489    PID_SPECIAL_BOXER_WEAPON
490    PID_NCR_HISTORY_HOLODISK
491    PID_MR_NIXON_DOLL
492    PID_TANKER_FOB
493    PID_ELRON_TEACH_HOLO
494    PID_KOKOWEEF_MINE_SCRIP
495    PID_PRES_ACCESS_KEY
496    PID_RING_BOXING_GLOVES
497    PID_RING_PLATED_BOXING_GLOVES
498    PID_GUN_TURRET_WEAPON
499    PID_DERMAL_PIP_BOY_DISK
500    PID_FN_FAL_HPFA
501    PID_WALL_SAFE
502    PID_FLOOR_SAFE
503    PID_MEM_CHIP_BLUE
504    PID_MEM_CHIP_GREEN
505    PID_MEM_CHIP_RED
506    PID_MEM_CHIP_YELLOW
507    PID_DECOMPOSING_BODY
508    PID_BLOW_UP_DOLL
509    PID_POPPED_BLOW_UP_DOLL
510    PID_POOL_TABLE_1
511    PID_POOL_TABLE_2
512    PID_POOL_TABLE_3
513    PID_POOL_TABLE_4
514    PID_POOL_TABLE_5
515    PID_POOL_TABLE_6
516    PID_PIP_BOY_MEDICAL_ENHANCER
517    PID_LIL_JESUS_WEAPON
518    PID_DUAL_MINIGUN
519    PID_REAL_BOTTLE_CAPS
520    PID_HEAVY_DUAL_MINIGUN
521    PID_POOR_BOX
522    PID_WAKIZASHI_BLADE
523    PID_MAP
524    PID_KEEPBRIGE_ROBE
525    PID_HYPO
526    PID_DEAD_REDSHIRT_0
527    PID_DEAD_REDSHIRT_1
528    PID_DEAD_REDSHIRT_2
529    PID_MINING_MACHINE
530    PID_END_BOSS_KIFE
531    PID_END_BOSS_PLASMA_GUN
532    PID_BOTTLE_EMPTY
533    PID_BOTTLE_FULL
534    PID_PART_OF_ROPE
535    PID_GUNPOWDER
536    PID_METAL_ORE
537    PID_MINERAL
538    PID_TUBE
539    PID_MEAT
540    PID_MOUSE_SKIN
541    PID_CIGARETTES
542    PID_BOTTLE_GLASS
543    PID_AXE
544    PID_MINE
545    PID_ACTIVE_MINE
546    PID_MEAT_BAG
547    PID_METZGERS_CASE
548    PID_MORDINOS_CASE
549    PID_LOCK
564    PID_TICKET
570    PID_GOGGLES
571    PID_WORKBENCH_PRIMITIVE
572    PID_GOLD_NUGGET
573	   PID_PASHTSHUUR_SPIKE
574	   PID_SHOTGUN_SHELLS_FLECHETTE
575    PID_SHOTGUN_SHELLS_SLUG
576    PID_SHOTGUN_SHELLS_EMP
600    PID_OLD_SHOVEL
605	   PID_WATERBAG
609    PID_WATERBAG_EMPTY
610 	PID_PLASMA_TORCH
616    PID_WEAK_FLAME_BREATH
619    PID_GRENADE_PISTOL
620	   PID_GRENADE_LAUNCHER
621    PID_40MM_GRENADE
650    PID_MOVABLE_FRIDGE
652    PID_MOVABLE_AMMO_BOX_L1
653    PID_MOVABLE_AMMO_BOX_L2
654    PID_MOVABLE_AMMO_BOX_S1
655    PID_MOVABLE_AMMO_BOX_S2
656    PID_MOVABLE_SAFE
658    PID_MOVABLE_POOR_BOX
660    PID_MOVABLE_CRATE
662    PID_MOVABLE_CHEST
664    PID_MOVABLE_FOOTLOCKER1
665    PID_MOVABLE_FOOTLOCKER2
666    PID_MOVABLE_LOCKER1
667    PID_MOVABLE_LOCKER2
668    PID_MOVABLE_WOODLOCKER1
669    PID_MOVABLE_WOODLOCKER2
705    PID_TANKER_METALLBOX
706	   PID_TANKER_PUMPPART
707    PID_POWER_SERVOS
708    PID_ADV_SUPERBURN
709    PID_DETONATOR_PARTS
710    PID_EXTENDED_MAGAZINE
711    PID_EXT_CAPACITOR_BATTERY
712    PID_PLASMA_BOLT_CHAMBER
713    PID_IMP_CAPACITOR_BATTERY
714    PID_MFT_SYSTEM
715    PID_HEATERCHAMBER
716    PID_SCOPE
717    PID_SPEED_LOADER
718    PID_LASER_POINTER
721    PID_POWER_HELMET
725    PID_COMBAT_HELMET
726    PID_COMBAT_HELMET_MK_II
727    PID_BROTHERHOOD_HELMET
728    PID_LEATHER_JACKET_HELMET
729    PID_COMBAT_LEATHER_JACKET_HELMET
730    PID_LEATHER_ARMOR_HELMET
731    PID_LEATHER_ARMOR_HELMET_MK2
732    PID_METAL_HELMET
733    PID_METAL_HELMET_MK2
734    PID_TESLA_HELMET
735    PID_APA_HELMET
736    PID_APA_HELMET_MK2
737    PID_HARDENED_POWER_HELMET
738    PID_ENCLAVE_COMBAT_HELMET
739    PID_ENCLAVE_COMBAT_HELMET_MK2
740    PID_DESERT_COMBAT_HELMET
741    PID_NCR_HELMET
750    PID_SAND_ROBE
752	   PID_ENCLAVE_COMBAT_ARMOR 
756    PID_BLUE_ROBE
757    PID_RED_ROBE
758    PID_GRAY_ROBE
759    PID_MOBSTER_BLUE
760    PID_MOBSTER_GRAY
761	PID_CLOTHES_POLICE
764    PID_CLOTHES_SCIENTIST1
766    PID_CLOTHES_ELEGANT_SUIT
767    PID_CLOTHES_RAGS 
768    PID_CLOTHES_DWARF
769    PID_CLOTHES_RED_SHIRT
775    PID_SF_COMBAT_JACKET
776    PID_MORDINO_METAL_JACKET
778    PID_DESERT_COMBAT_ARMOR
800    PID_HUMMER
801    PID_HUMMER_BAG
808    PID_VERTIBIRD
850    PID_SHOTGUN_DRAGON_BREATH_SHELLS
1211   PID_BOS_MONEY
1212   PID_ENCLAVE_MONEY
1213   PID_VC_MONEY
1214   PID_NCR_MONEY
1215   PID_MA_MONEY
1216   PID_IMPLANT_EMP
1217   PID_KNOCKBACK_RIFLE
1218   PID_T4_TOOL_KIT
1243   PID_FAMILY_SALVATORIES_ARMOR
1244   PID_FAMILY_BISHOPS_ARMOR
1245   PID_FAMILY_WRITHS_ARMOR 
1246   PID_FAMILY_MORDINOS_ARMOR
1247   PID_IMPLANT_TOKEN
1270 PID_40MM_GRENADE_ICE
1271 PID_40MM_GRENADE_FIRE
1272 PID_223_AP
1273 PID_7_62MM_AP

1277 PID_FIRE_SMG  
1278 PID_TESLA_GATLING
1279 PID_LASER_LSW            
1280 PID_ELECTRO_RIFLE      
1281 PID_SNIPER_RIFLE_MK2   
1282 PID_SUPER_DUPER_SLEDGE   
1283 PID_AUTOAIM_ROCKET         
1284 PID_PLASMA_FLAMER         


1800   PID_QUESTIONNAIRE
1801   PID_ELECTRONIC_PARTS
1802   PID_ALLOYS
1803   PID_BRAHMIN_HIDE
1804   PID_METAL_PARTS
1805   PID_DAY_PASS2
1806   PID_BOUNTY_DOG_TAG
1807   PID_LOST_HILLS_DISK
1808   PID_BOS_DISK
1809   PID_PROCESSED_BOS_DISK
1810   PID_BARREL_JUNK
1811   PID_ROCKS_ORE
1812   PID_PLANT1_FRUIT
1813   PID_PLANT2_FRUIT
1814   PID_PLANT3_FRUIT
1815   PID_PLANT4_FRUIT
1816   PID_PLANT5_FRUIT
1817   PID_PLANT_FIBER
1818   PID_ROCKS_MINERALS
1819   PID_STILL_ROTGUT
1820   PID_TREE1_FIREWOOD
1821   PID_TREE2_FIREWOOD
1822   PID_TREE3_FIREWOOD
1823   PID_TABLE_BRAHMIN
1824   PID_FIBER
1825   PID_PROD_BROC
1826   PID_PROD_XANDER
1827   PID_PROD_FLINT
1828   PID_CONTAINER_ICE_CHEST_R
1829   PID_CONTAINER_ICE_CHEST_L
1830   PID_CONTAINER_FOOTLOCKER_R
1831   PID_CONTAINER_FOOTLOCKER_L
1832   PID_CONTAINER_AMMOBOX_R
1833   PID_CONTAINER_AMMOBOX_L
1834   PID_DYNACORD
1850   PID_PROSPECT_MAP
1851   PID_WAYPOINT
1863   PID_PRIMITIVE_TOOL
1864   PID_WORKBENCH_RAIDERS
1865   PID_AMMO_FACILITY
1866   PID_LEAFLET_CADILLAC
3167   PID_MFC_MACHINE
3856   PID_TENT
3857   PID_MAP_TO_LOCATION
4608   PID_MED_MACHINE
9601   PID_DOGTAGS
9627   PID_BRAHMINSHIT
9628   PID_ALLOYS2
9629   PID_CHEMICALS
9630   PID_FIREGECKO_PELT
9631   PID_GUNPOWDER2
9632   PID_FIBRE2
9633   PID_ORE2
9634   PID_MINERALS2
9635   PID_TOBACCO
9636	PID_TOBACCO_BENCH
9653   PID_METAL_PARTS2
9654   PID_NCR_ARMOR
9655   PID_WEAK_HEALING_POWDER
9659   PID_DUAL_LASER_CANNON
9674   PID_FAKE_FRAG_GRENADE
9675   PID_FAKE_PLASMA_GRENADE
9676   PID_FAKE_SUPER_SLEDGE
9681   PID_CAR_REPLACEMENT_PARTS
9715   PID_DOLLAR
9729   PID_Q_LA_WAREHOUSE_LETTER
9741   PID_Q_GUNRUNNER_BOX
9750	PID_BLUEPRINT_14MM_PISTOL
9751	PID_BLUEPRINT_NEEDLER_PISTOL
9752	PID_BLUEPRINT_223_PISTOL
9753	PID_BLUEPRINT_ASSAULT_RIFLE
9754	PID_BLUEPRINT_FN_FAL
9755	PID_BLUEPRINT_SNIPER_RIFLE
9756	PID_BLUEPRINT_P90 
9757	PID_BLUEPRINT_HK_CAWS PID_BLUEPRINT_10MM_SMG
9758	PID_BLUEPRINT_PANCOR_JACKHAMMER
9759	PID_BLUEPRINT_PLASMA_PISTOL
9760	PID_BLUEPRINT_LASER_RIFLE 
9761	PID_BLUEPRINT_PLASMA_RIFLE 
9762	PID_BLUEPRINT_MEGA_POWER_FIST 
9763	PID_BLUEPRINT_SUPER_CATTLE_PROD  
9764    PID_BLUEPRINT_RIPPER
9765	PID_BLUEPRINT_ROCKET_LAUNCHER
9766	PID_BLUEPRINT_LIGHT_SUPPORT_WEAPON    
9767	PID_BLUEPRINT_MINIGUN 
9768	PID_BLUEPRINT_PLASMA_GRENADE 
9769	PID_BLUEPRINT_DYNAMITE    
9770	PID_BLUEPRINT_PLASTIC_EXPLOSIVES   
9771	PID_BLUEPRINT_SUPER_SLEDGE
9772	PID_BLUEPRINT_IMPROVED_FLAMETHROWER	
9773	PID_BLUEPRINT_INDEPENDENT
9774	PID_BLUEPRINT_AVENGER_MINIGUN
9775	PID_BLUEPRINT_BOZAR
9776	PID_BLUEPRINT_M203
9777	PID_BLUEPRINT_VINDICATOR_MINIGUN
9778	PID_BLUEPRINT_TURBO_PLASMA_RIFLE
9779	PID_BLUEPRINT_YK42B_PULSE_RIFLE
9780	PID_BLUEPRINT_METAL_ARMOR_MK_II
9781	PID_BLUEPRINT_TESLA_ARMOR
9782	PID_BLUEPRINT_COMBAT_ARMOR
9783	PID_BLUEPRINT_COMBAT_ARMOR_MK_II
9784	PID_BLUEPRINT_BROTHERHOOD_COMBAT_ARMOR
9785	PID_BLUEPRINT_ENCLAVE_COMBAT_ARMOR
9786	PID_BLUEPRINT_DESERT_COMBAT_ARMOR
9787	PID_BLUEPRINT_NCR_ARMOR
9788	PID_BLUEPRINT_POWERED_ARMOR
9789	PID_BLUEPRINT_HARDENED_POWER_ARMOR
9790    PID_BLUEPRINT_SUPER_STIMPAK       
9791    PID_BLUEPRINT_STIMPAK             
9792    PID_BLUEPRINT_JET                   
9793 	PID_BLUEPRINT_BUFFOUT
9794	PID_BLUEPRINT_MENTATS            
9795    PID_BLUEPRINT_PSYCHO                
9796 	PID_BLUEPRINT_RADAWAY               
9797 	PID_BLUEPRINT_RADX
9798	PID_BLUEPRINT_PID_HYPO
9799	PID_BLUEPRINT_JET_ANTIDOTE
9819	PID_BLUEPRINT_POWER_HELMET
9820	PID_BLUEPRINT_HARDENED_POWER_HELMET
9821	PID_BLUEPRINT_ADVANCED_POWER_HELMET
9822	PID_BLUEPRINT_ADVANCED_POWER_HELMET_MK2
9823	PID_BLUEPRINT_ADVANCED_POWER_ARMOR
9824	PID_BLUEPRINT_ADVANCED_POWER_ARMOR_MK2
9825	PID_BLUEPRINT_HK_G11
9826	PID_BLUEPRINT_HK_G11E
9827	PID_BLUEPRINT_YK32_PULSE_PISTOL
9828	PID_BLUEPRINT_FN_FAL_NIGHT_SCOPE
9829	PID_BLUEPRINT_PK12_GAUSS_PISTOL
9830	PID_BLUEPRINT_M72_GAUSS_RIFLE
9831	PID_BLUEPRINT_SOLAR_SCORCHER
9832	PID_BLUEPRINT_SHOTGUN_DRAGON_BREATH_SHELLS
9833	PID_BLUEPRINT_ROBO_ROCKET_AMMO
9834	PID_BLUEPRINT_4_7MM_CASELESS
9835	PID_BLUEPRINT_2MM_EC_AMMO
9836	PID_BLUEPRINT_METAL_ARMOR_MK_III
9837	PID_BLUEPRINT_PULSE_GRENADE
9838	PID_BLUEPRINT_GATLING_LASER
9839	PID_BLUEPRINT_SAIGA_12	
9840 	PID_BLUEPRINT_M16		
9841 	PID_BLUEPRINT_EL_ROCKET_LAUNCHER	
9842 	PID_BLUEPRINT_NAPALM
9843   PID_BLUEPRINT_SHOCK_GRENADE
9844   PID_BLUEPRINT_GUM
9845   PID_BLUEPRINT_MUTIE
9846   PID_BLUEPRINT_VOODOO
9847   PID_BLUEPRINT_SENSOR
9848   PID_BLUEPRINT_FIREGECKO_JACKET
9849   PID_BLUEPRINT_INFERNO_ARMOR
9850   PID_BLUEPRINT_HUBO_ROBE
9851   PID_BLUEPRINT_FOLLOWER_ROBE
9852   PID_BLUEPRINT_LAMK2
9853   PID_BLUEPRINT_COMBAT_JACKET
9854   PID_BLUEPRINT_MUT_ARMOR
9855   PID_BLUEPRINT_CLOTHES_POLICE
9856 PID_BLUEPRINT_LASER_SPEAR
9858 PID_BLUEPRINT_PLASMA_SMG
9859 PID_BLUEPRINT_HEALING_NEEDLER_AMMO
9860 PID_BLUEPRINT_EFC
9861 PID_BLUEPRINT_SNEAK_ARMOR
9862 PID_BLUEPRINT_MEGA_SLEDGE 
9863 PID_BLUEPRINT_AK47
9864 PID_BLUEPRINT_PLASMA_GATLING
9909	PID_Q_WESTIN_HOLO
9911	PID_SCORPION_EGG
9912	PID_Q_GUNRUNNER_COURIER_BOX
9913	PID_CAMPFIRE
9914	PID_ADVANCED_BENCH
9916	PID_FAKE_SPEAR
9917	PID_FAKE_THROWING_KNIFE
9918	PID_ELECTRONIC_PARTS2
9919	PID_CHEMICALS2
9921	PID_BARLEY
9924	PID_Q_CORS_BROS_DEAD_BODY
9935 PID_UPGRATE_PARTS
9936 PID_UPGRATE_PARTS_MK2
9937 PID_UPGRATE_PARTS_MK3
12728   PID_BEANS
12729   PID_RAVIOLI
12730   PID_PAPAYA
12731   PID_GECKO_MEAT
12732   PID_RAW_GECKO_MEAT
12733   PID_GOLD_BAR
12734   PID_CABBAGE
12735   PID_FRYED_MEAT
12736   PID_MILK
12737   PID_SANDWICH
12738   PID_FOOD1
12739   PID_FOOD2
12740   PID_FOOD3
12741   PID_FOOD4
12742   PID_FOOD5
12743   PID_FOOD6
12744   PID_FOOD7
12745   PID_MUSHROOM
20432   PID_FINGER_LOCK	
22050   PID_BARTER_BOOK
22051 	PID_IMPLANT_DERMAL
22052	PID_IMPLANT_PHOENIX
22053	PID_IMPLANT_NEMEAN
22054 	PID_IMPLANT_STRENGTH
22055 	PID_IMPLANT_PERCEPTION
22056 	PID_IMPLANT_ENDURANCE
22057 	PID_IMPLANT_CHARISMA
22058 	PID_IMPLANT_INTELLIGENCE
22059 	PID_IMPLANT_AGILITY	
22060 	PID_IMPLANT_LUCK
22061 	PID_URANIUM_ORE_NEW	
22062 	PID_METAL_PARTS_NEW	
22063 	PID_MINERALS_NEW
22064 	PID_ALLOYS_NEW
22065 	PID_ALLOYS_ADV_NEW	
22066 	PID_LUMP_COAL
22067 	PID_METAL_PARTS_ADV_NEW
22068 	PID_WOOD_NEW	
22069 	PID_TUBE_NEW
22070 	PID_TUBE_ADV_NEW
22071 	PID_FIBERS_NEW		
22072 	PID_BIOGEL_ADV_NEW
22073 	PID_TECH_DELINER 
22074 	PID_TECH_ELE_ENGINE	
22075 	PID_TECH_SEMI_TRIGGER
22076 	PID_TECH_GUN_CONTROL
22077 	PID_TECH_AUTO_TRIGGER
22078 	PID_TECH_MECH_ENGINE
22079 	PID_TECH_SCOPE	
22080 	PID_TECH_MICROCHIPS
22081 	PID_TECH_CONDEN
22082 	PID_TECH_TRANSFORMATOR
22083 	PID_TECH_ELE_WIRES
22084 	PID_TECH_PLASMA	
22085 	PID_ARM_CERAMIC
22086 	PID_ARM_KEVLAR
22087 	PID_ARM_CARBON
22088 	PID_ARM_GORETEX	
22089 	PID_ARM_LEATHER_HIDE
22090 	PID_ARM_POLYMER	
22091 	PID_ARM_POLYMER_ADV	
22092 	PID_ARM_POLYMER_LASER
22093 	PID_ARM_POLYCARBONITE
22094 	PID_ARM_STEEL
22095   PID_METAL_ARMOR_MK_III
22096   PID_MACHINERY_POWER_ARMOR
22097   PID_MACHINERY_POWER_ARMOR_BACK
22098   PID_MACHINERY_SMALL_GUNS
22099   PID_MACHINERY_SMALL_GUNS_BACK
22100   PID_MACHINERY_BIG_GUNS
22101   PID_MACHINERY_BIG_GUNS_BACK
22102   PID_MACHINERY_ENERGY_WEAPONS
22103   PID_MACHINERY_ENERGY_WEAPONS_BACK
22104   PID_MACHINERY_ENERGY_CELLS
22105   PID_MACHINERY_ENERGY_CELLS_BACK
22106   PID_MACHINERY_LATHE
22107   PID_LATHE_BACK
22108   PID_WORKBENCH_FAT_FOUNDRY
22109   PID_WORKBENCH_FAT_HI_AMMO
22110   PID_WORKBENCH_FAT_EXTENDED
22111   PID_WORKBENCH_FAT_CLOSE_COMBAT
22112   PID_WORKBENCH_FAT_POWDER_AMMO
22113   PID_WORKBENCH_FAT_PRIMITIVE
22114   PID_WORKBENCH_FAT_NUKACOLA
22115   PID_WORKBENCH_FAT_BEER
22116   PID_WORKBENCH_FAT_TOBACCO
22117   PID_WORKBENCH_FAT_ROTGUT
22120   PID_M203
25444   PID_V13_KEY
25445   PID_SAIGA12
25446   PID_VAULT_COMPUTER_CLEAN_NE
25447   PID_VAULT_COMPUTER_CLEAN_SW
25448   PID_VAULT_COMPUTER_CLEAN_SE
25449   PID_VAULT_COMPUTER_RUSTY_NE
25450   PID_VAULT_COMPUTER_RUSTY_SW
25451   PID_VAULT_COMPUTER_RUSTY_SE
25452   PID_PLASMA_GATLING
25473	PID_BOSS_RIFLE
25474	PID_BOSS_FLAMER
25475 	PID_BOSS_KNIFE
25476	PID_ABSORBER 						
25477	PID_ADVANCED_SHELL 				    
25478	PID_CARBON_POLYMER
25479	PID_CYLINDRICAL_LOCK
25480	PID_ELECTRIC_AMPLIFIER	
25481	PID_ELECTROMAGNETIC	
25482	PID_HIFLO	
25483	PID_PA_FUEL	
25484	PID_PLASMA_ACCELERATOR	
25485	PID_PLASMA_PARTS
25486	PID_ROTARY_CHAMBER
25487	PID_SERVOMOTORS
25488	PID_PA_SHELL
25546	PID_MUT_LEATHER
25547	PID_MUT_METAL
25548   PID_FIREGECKO_JACKET
25549   PID_INFERNO_ARMOR
25550   PID_HUBO_ROBE
25551   PID_FOLLOWER_ROBE
25552	PID_IMPLANT_AGRO
25553	PID_IMPLANT_DRAGON
25554	PID_IMPLANT_TIGER
25555	PID_IMPLANT_CLAW
25556	PID_IMPLANT_TACTICS
25557 	PID_BG_BOOK							
25558 	PID_DOCTOR_BOOK						
25559 	PID_EW_BOOK							
25560 	PID_SNEAK_BOOK						
25561	PID_STEAL_BOOK						
25562 	PID_LOCKPICK_BOOK					
25563 	PID_THROWING_BOOK					
25564 	PID_TRAPS_BOOK						
25565 	PID_CLOSE_COMBAT_BOOK	
25566 	PID_M16		
25567 	PID_EL_ROCKET_LAUNCHER	
25568 	PID_EL_ROCKET
25569 	PID_NAPALM
25570   PID_SHOCK_GRENADE
25571   PID_VAULT_TEC_BOX
25572   PID_VAULT_TEC_KEY
25573   PID_GUM
25574   PID_MUTIE
25575   PID_VOODOO
25576 PID_NUKA_COLA_QUEST
25577 PID_MA2_SKIN
25578 PID_GAS_MASK
25579 PID_VYNIL1
25580 PID_VYNIL2
25581  PID_VYNIL3

25582 PID_PLASMA_SMG
25583 PID_LASER_SPEAR
25584 PID_RAD_ROCKET
25585 PID_MFC_MK2
25586 PID_HN_HEAL_NEEDLER_CARTRIDGE
25587 PID_GUNPOWDER3
25588 PID_GAS_MASK_PVP
25589 PID_VC_HELMET  
25592 PID_BLOODPACK
25593 PID_HEART
25594 PID_LIVER
25595 PID_BRAIN
25596 PID_EAR
25597 PID_EYE
25598 PID_AK47
25599 PID_MEGA_SLEDGE
25600 PID_SNEAK_ARMOR

26681 PID_FLAG_BOS
26683 PID_FLAG_ENCLAVE
 
27226 PID_COMMANDERS_ARMOR
27227 PID_RANGER_ARMOR
27228 PID_SOVIET_ARMOR
27228 PID_RUSSIAN_ARMOR
27269 PID_MUNUFACTURE_MATRIX
27314 PID_MATRIX_STIMPAK
27315 PID_DEFENDER
27316 PID_CORNIFER
27317 PID_SIGNIFER
27318 PID_CORNIFER_HELMET
27319 PID_SIGNIFER_HELMET
27320 PID_PUGIO
27321 PID_LEGION_EAGLE
27327 PID_VITAMIND
27328 PID_ANTIRADIN
27387 PID_SARMATIA_BEER
27388 PID_NAMETAG
27389 PID_FOODPACK_VEGETABLES
27390 PID_FOODPACK_MEAT
27391 PID_FOODPACK_COMBINED
27418 PID_LASGUN
27419 PID_BOLT_PISTOL
27420 PID_BOLT
27421 PID_PRINTER
27422 PID_SAMURAI
27423 PID_BOOMER
27424 PID_BOOMER_BROKEN
27540 PID_COIN
27541 PID_BALL
27542 PID_BLU_CATS_PAW
27543 PID_BUCKET
27544 PID_ENCICLOPEDIA
27545 PID_CARDS
27546 PID_OLD_WATCH
27547 PID_DRILL
27548 PID_BLEACH
27549 PID_ENCICLOPEDIA2
27550 PID_EMPTY_BOTTLE
27551 PID_CANDY
27552 PID_COMB
27553 PID_CORN
27554 PID_FORK
27555 PID_NAILS
27556 PID_MATCHES
27557 PID_PLATE
27558 PID_SCREWDRIVER
27559 PID_SOAP
27560 PID_TRYAPKA
27561 PID_SINGIT
27562 PID_CANNED_FISH
27563 PID_PREWAR_MONEY
27564 PID_BUTTER
27565 PID_SHOE_CREAM
27566 PID_WIPES
27567 PID_DRIED_LEAVES
27568 PID_EMPTY_LIQUOR
27569 PID_CLEANER
27570 PID_PREWAR_BOOK
27571 PID_COFFEE
27572 PID_SANDLES
27573 PID_VASE
27574 PID_PIPE
27575 PID_KETTLE
27576 PID_SPIRAL
27577 PID_PLASTIC_BOTTLE
27578 PID_GLOVES
27579 PID_MONKEY_WRENCH
27580 PID_TOXIC_MUSHROOM
27581 PID_CRACKED_GLASSES
27582 PID_TOY
27583 PID_GOLDEN_CHIP
27584 PID_SHAMPOO
27585 PID_SALT
27586 PID_TIN_ROLL
27587 PID_METAL_TUBE
27588 PID_PLUNGER
27590 PID_RANGER_HAT
27591 PID_OFFICER_HAT
27592 PID_CAP
27593 PID_COWBOY_HAT
27594 PID_FEDORA_BLACK
27595 PID_FEDORA_WHITE
27596 PID_BLACK_GLASSES
27597 PID_GOLF_CLUB
27598 PID_BULDER_HAT
27599 PID_COFEDERATE_HAT
27600 PID_BOON_BERET
27601 PID_WHISKEY
27602 PID_AUTOGUN
27603 PID_LASKA
27604 PID_WH_LAUNCHER
27605 PID_DRUKARI
27606 PID_BIBLE
27607 PID_WEIRD_GLASSES
27608 PID_FERBA_BLU
27609 PID_FERBA_EMPTY
27610 PID_FERBA_RED
27611 PID_FERBA_YELLOW
27612 PID_ELECTRIC_GUITAR1
27613 PID_POT
27614 PID_SPOON
27615 PID_LEAVES
27616 PID_SCISSORS
27617 PID_BOOTS
27618 PID_PHOTO_CAMERA
27619 PID_VAULTBOY_WATCH
27620 PID_GOLDEN_RING
27621 PID_LEGAT
27622 PID_STABBER
27623 PID_COMMANDER_CAP
27629 PID_WEIRD_VINYL
27630 PID_WATTZ_FUSION_CORE
27631 PID_AUTODOC_PARTS
27689 PID_QUEST_DAN
27690 PID_BASE_PLANT1
27691 PID_BASE_PLANT2
27692 PID_BASE_PLANT3
27693 PID_BASE_PLANT4
27694 PID_BASE_PLANT5
27695 PID_BASE_PLANT6
27696 PID_BASE_PLANT7
27697 PID_BASE_PLANT8
27698 PID_BASE_PLANT9
27699 PID_BASE_PLANT10
27700 PID_BASE_PLANT11
27701 PID_BASE_PLANT12
27749 PID_BADGE
27750 PID_BROKEN_DESTRUCTOR
27751 PID_DESTRUCTOR
